<?xml version="1.0" encoding="UTF-8"?>
<!-- Generated by org.testng.reporters.JUnitReportReporter -->
<testsuite hostname="HPEliteBook" failures="0" tests="4" name="org.testRunner.logintestRunner" time="50.676" errors="0" timestamp="2024-07-26T20:47:14 IST" skipped="0">
  <testcase classname="org.testRunner.logintestRunner" name="testCase001" time="13.289"/>
  <system-out/>
  <testcase classname="org.testRunner.logintestRunner" name="testCase001" time="18.075"/>
  <system-out/>
  <testcase classname="org.testRunner.logintestRunner" name="testCase001" time="9.974"/>
  <system-out/>
  <testcase classname="org.testRunner.logintestRunner" name="testCase001" time="9.338"/>
  <system-out/>
</testsuite> <!-- org.testRunner.logintestRunner -->
