<?xml version="1.0" encoding="UTF-8"?>
<!-- Generated by org.testng.reporters.JUnitReportReporter -->
<testsuite hostname="HPEliteBook" failures="0" tests="1" name="org.testRunner.AppointmentestRunner" time="1.145" errors="0" timestamp="2024-07-27T10:39:43 IST" skipped="0">
  <testcase classname="org.testRunner.AppointmentestRunner" name="testcase002" time="1.145"/>
  <system-out/>
</testsuite> <!-- org.testRunner.AppointmentestRunner -->
